{
  "stats": {
    "suites": 15,
    "tests": 56,
    "passes": 56,
    "pending": 0,
    "failures": 0,
    "start": "2022-01-23T22:54:40.084Z",
    "end": "2022-01-23T22:54:40.912Z",
    "duration": 828,
    "testsRegistered": 56,
    "passPercent": 100,
    "pendingPercent": 0,
    "other": 0,
    "hasOther": false,
    "skipped": 0,
    "hasSkipped": false
  },
  "results": [
    {
      "uuid": "f05b8dc6-48f3-4b75-8d45-c80043f507b3",
      "title": "",
      "fullFile": "",
      "file": "",
      "beforeHooks": [],
      "afterHooks": [],
      "tests": [],
      "suites": [
        {
          "uuid": "c9b1a464-f63e-4df7-bf3d-147e24040951",
          "title": "Pruebas sobre adoptantes (CASOS IDEALES)",
          "fullFile": "F:\\Documents\\Git\\fundamor-api\\test\\adopter.test.js",
          "file": "\\test\\adopter.test.js",
          "beforeHooks": [],
          "afterHooks": [],
          "tests": [
            {
              "title": "Debería obtener los datos de un adoptante",
              "fullTitle": "Pruebas sobre adoptantes (CASOS IDEALES) Debería obtener los datos de un adoptante",
              "timedOut": false,
              "duration": 76,
              "state": "passed",
              "speed": "slow",
              "pass": true,
              "fail": false,
              "pending": false,
              "context": null,
              "code": "chai.request(url)\n\t.get(\"/adopters/\"+ adopterId)\n\t.set({ \"x-auth-token\": `${token}` })\n\t.end(function (err, res) {\n\t\texpect(res.body.data).to.have.property(\"id_adoptante\").to.be.equal(adopterId);\n\t\texpect(res).to.have.status(200);\n\t\tdone();\n\t});",
              "err": {},
              "uuid": "54db9a00-142a-4072-873f-bc893f942ff7",
              "parentUUID": "c9b1a464-f63e-4df7-bf3d-147e24040951",
              "isHook": false,
              "skipped": false
            },
            {
              "title": "Debería obtener la lista de adoptantes",
              "fullTitle": "Pruebas sobre adoptantes (CASOS IDEALES) Debería obtener la lista de adoptantes",
              "timedOut": false,
              "duration": 17,
              "state": "passed",
              "speed": "fast",
              "pass": true,
              "fail": false,
              "pending": false,
              "context": null,
              "code": "chai.request(url)\n\t.get(\"/adopters\")\n\t.set({ \"x-auth-token\": `${token}` })\n\t.end(function (err, res) {\n\t\texpect(res).to.have.status(200);\n\t\texpect(res.body).to.have.property(\"state\").to.be.equal(true);\n\t\tdone();\n\t});",
              "err": {},
              "uuid": "3bef1087-359e-4cf7-b6c7-3672bcc03506",
              "parentUUID": "c9b1a464-f63e-4df7-bf3d-147e24040951",
              "isHook": false,
              "skipped": false
            },
            {
              "title": "Debería actualizar los datos de un adoptante",
              "fullTitle": "Pruebas sobre adoptantes (CASOS IDEALES) Debería actualizar los datos de un adoptante",
              "timedOut": false,
              "duration": 22,
              "state": "passed",
              "speed": "fast",
              "pass": true,
              "fail": false,
              "pending": false,
              "context": null,
              "code": "chai.request(url)\n\t.put(\"/adopters\")\n\t.set({ \"x-auth-token\": `${token}` })\n\t.send({\n\t\tcorreo: \"adopterTest@fundamor.com\",\n\t\tnombre: \"Euclides Jaramillo\",\n\t\ttelefono_casa: null,\n\t\ttelefono_celular: \"3128904567\",\n\t\tocupacion: \"Carnicero\",\n\t\tciudad: \"Av ZZZ #45 calarcá\",\n\t\tid_adoptante: \"2038464537\"\n\t}).end(function (err, res) {\n\t\texpect(res).to.have.status(200);\n\t\texpect(res.body).to.have.property(\"state\").to.be.equal(true);\n\t\tdone();\n\t});",
              "err": {},
              "uuid": "206582da-d098-4395-868b-d5a914ddb7bc",
              "parentUUID": "c9b1a464-f63e-4df7-bf3d-147e24040951",
              "isHook": false,
              "skipped": false
            }
          ],
          "suites": [],
          "passes": [
            "54db9a00-142a-4072-873f-bc893f942ff7",
            "3bef1087-359e-4cf7-b6c7-3672bcc03506",
            "206582da-d098-4395-868b-d5a914ddb7bc"
          ],
          "failures": [],
          "pending": [],
          "skipped": [],
          "duration": 115,
          "root": false,
          "rootEmpty": false,
          "_timeout": 2000
        },
        {
          "uuid": "579c6b7a-2abf-4fd1-bf39-930c581a4aae",
          "title": "Pruebas sobre adoptantes (CASOS ERONEOS)",
          "fullFile": "F:\\Documents\\Git\\fundamor-api\\test\\adopter.test.js",
          "file": "\\test\\adopter.test.js",
          "beforeHooks": [],
          "afterHooks": [],
          "tests": [
            {
              "title": "No debería obtener los datos de un adoptante inexistente",
              "fullTitle": "Pruebas sobre adoptantes (CASOS ERONEOS) No debería obtener los datos de un adoptante inexistente",
              "timedOut": false,
              "duration": 5,
              "state": "passed",
              "speed": "fast",
              "pass": true,
              "fail": false,
              "pending": false,
              "context": null,
              "code": "chai.request(url)\n\t.get(\"/adopters/899798\")\n\t.set({ \"x-auth-token\": `${token}` })\n\t.end(function (err, res) {\n\t\texpect(res.body).to.have.property(\"state\").to.be.equal(false);\n\t\texpect(res).to.have.status(200);\n\t\tdone();\n\t});",
              "err": {},
              "uuid": "9ed73a75-1b93-44da-88dd-540a0ca08005",
              "parentUUID": "579c6b7a-2abf-4fd1-bf39-930c581a4aae",
              "isHook": false,
              "skipped": false
            },
            {
              "title": "No debería actualizar una  adoptante si faltan datos obligatorios",
              "fullTitle": "Pruebas sobre adoptantes (CASOS ERONEOS) No debería actualizar una  adoptante si faltan datos obligatorios",
              "timedOut": false,
              "duration": 3,
              "state": "passed",
              "speed": "fast",
              "pass": true,
              "fail": false,
              "pending": false,
              "context": null,
              "code": "chai.request(url)\n\t.put(\"/questions\")\n\t.set({ \"x-auth-token\": `${token}` })\n\t.send({\n\t\tnombre: \"Juan\"\n\t})\n\t.end(function (err, res) {\n\t\texpect(res).to.have.status(422);\n\t\tdone();\n\t});",
              "err": {},
              "uuid": "b28f55bf-cef4-461d-a56c-0616403ba10b",
              "parentUUID": "579c6b7a-2abf-4fd1-bf39-930c581a4aae",
              "isHook": false,
              "skipped": false
            }
          ],
          "suites": [],
          "passes": [
            "9ed73a75-1b93-44da-88dd-540a0ca08005",
            "b28f55bf-cef4-461d-a56c-0616403ba10b"
          ],
          "failures": [],
          "pending": [],
          "skipped": [],
          "duration": 8,
          "root": false,
          "rootEmpty": false,
          "_timeout": 2000
        },
        {
          "uuid": "01a1d9c7-229d-4375-a4d1-4621efe275c4",
          "title": "Pruebas sobre adopción (CASOS IDEALES)",
          "fullFile": "F:\\Documents\\Git\\fundamor-api\\test\\adoptions.test.js",
          "file": "\\test\\adoptions.test.js",
          "beforeHooks": [],
          "afterHooks": [],
          "tests": [
            {
              "title": "Debería obtener los datos de una adopción",
              "fullTitle": "Pruebas sobre adopción (CASOS IDEALES) Debería obtener los datos de una adopción",
              "timedOut": false,
              "duration": 14,
              "state": "passed",
              "speed": "fast",
              "pass": true,
              "fail": false,
              "pending": false,
              "context": null,
              "code": "chai.request(url)\n\t.get(`/adoptions/${adoptionId}`)\n\t.set({ \"x-auth-token\": `${token}` })\n\t.end(function (err, res) {\n\t\texpect(res.body.data).to.have.property(\"id_adopcion\").to.be.equal(41);\n\t\texpect(res).to.have.status(200);\n\t\tdone();\n\t});",
              "err": {},
              "uuid": "5911505b-5de3-4f57-bcd1-2ef3545ee110",
              "parentUUID": "01a1d9c7-229d-4375-a4d1-4621efe275c4",
              "isHook": false,
              "skipped": false
            },
            {
              "title": "Debería obtener la lista de adopciones",
              "fullTitle": "Pruebas sobre adopción (CASOS IDEALES) Debería obtener la lista de adopciones",
              "timedOut": false,
              "duration": 16,
              "state": "passed",
              "speed": "fast",
              "pass": true,
              "fail": false,
              "pending": false,
              "context": null,
              "code": "chai.request(url)\n\t.get(\"/adoptions\")\n\t.set({ \"x-auth-token\": `${token}` })\n\t.end(function (err, res) {\n\t\texpect(res).to.have.status(200);\n\t\texpect(res.body).to.have.property(\"state\").to.be.equal(true);\n\t\tdone();\n\t});",
              "err": {},
              "uuid": "04361761-97a5-4602-862f-f93f90988508",
              "parentUUID": "01a1d9c7-229d-4375-a4d1-4621efe275c4",
              "isHook": false,
              "skipped": false
            },
            {
              "title": "Debería obtener las preguntas asociadas a una adopción",
              "fullTitle": "Pruebas sobre adopción (CASOS IDEALES) Debería obtener las preguntas asociadas a una adopción",
              "timedOut": false,
              "duration": 6,
              "state": "passed",
              "speed": "fast",
              "pass": true,
              "fail": false,
              "pending": false,
              "context": null,
              "code": "chai.request(url)\n\t.get(`/adoptionQuestions/${adoptionId}`)\n\t.set({ \"x-auth-token\": `${token}` })\n\t.end(function (err, res) {\n\t\texpect(res).to.have.status(200);\n\t\texpect(res.body).to.have.property(\"state\").to.be.equal(true);\n\t\tdone();\n\t});",
              "err": {},
              "uuid": "e52ce38c-64b7-4d14-9d0e-394828789e43",
              "parentUUID": "01a1d9c7-229d-4375-a4d1-4621efe275c4",
              "isHook": false,
              "skipped": false
            },
            {
              "title": "Debería actualizar los datos de una adopción",
              "fullTitle": "Pruebas sobre adopción (CASOS IDEALES) Debería actualizar los datos de una adopción",
              "timedOut": false,
              "duration": 13,
              "state": "passed",
              "speed": "fast",
              "pass": true,
              "fail": false,
              "pending": false,
              "context": null,
              "code": "chai.request(url)\n\t.put(\"/adoptions\")\n\t.set({ \"x-auth-token\": `${token}` })\n\t.send({\n\t\tid_adopcion: 46,\n\t\testado: \"En proceso\",\n\t\tobservaciones: \"Observaciones de prueba\"\n\t}).end(function (err, res) {\n\t\texpect(res).to.have.status(200);\n\t\texpect(res.body).to.have.property(\"state\").to.be.equal(true);\n\t\tdone();\n\t});",
              "err": {},
              "uuid": "aa29b55f-766c-4c0b-bca6-da518d4d2246",
              "parentUUID": "01a1d9c7-229d-4375-a4d1-4621efe275c4",
              "isHook": false,
              "skipped": false
            },
            {
              "title": "Debería crear un seguimiento",
              "fullTitle": "Pruebas sobre adopción (CASOS IDEALES) Debería crear un seguimiento",
              "timedOut": false,
              "duration": 32,
              "state": "passed",
              "speed": "fast",
              "pass": true,
              "fail": false,
              "pending": false,
              "context": null,
              "code": "chai.request(url)\n\t.post(\"/tracking\")\n\t.set({ \"x-auth-token\": `${token}` })\n\t.send({\n\t\tid_adopcion: 47,\n\t\tanotaciones: \"anotacion de prueba\"\n\t})\n\t.end(function (err, res) {\n\t\texpect(res).to.have.status(201);\n\t\texpect(res.body).to.have.property(\"state\").to.be.equal(true);\n\t\tdone();\n\t});",
              "err": {},
              "uuid": "51511dd3-079e-4fd3-97a1-3da5b56c6303",
              "parentUUID": "01a1d9c7-229d-4375-a4d1-4621efe275c4",
              "isHook": false,
              "skipped": false
            },
            {
              "title": "Debería obtener la lista de seguimientos de una adopción",
              "fullTitle": "Pruebas sobre adopción (CASOS IDEALES) Debería obtener la lista de seguimientos de una adopción",
              "timedOut": false,
              "duration": 7,
              "state": "passed",
              "speed": "fast",
              "pass": true,
              "fail": false,
              "pending": false,
              "context": null,
              "code": "chai.request(url)\n\t.get(\"/tracking\")\n\t.set({ \"x-auth-token\": `${token}` })\n\t.send({\n\t\tid_adopcion: 47\n\t})\n\t.end(function (err, res) {\n\t\texpect(res).to.have.status(200);\n\t\texpect(res.body).to.have.property(\"state\").to.be.equal(true);\n\t\tdone();\n\t});",
              "err": {},
              "uuid": "e7d812f2-87ac-4d86-81a4-485bf5b7fb7c",
              "parentUUID": "01a1d9c7-229d-4375-a4d1-4621efe275c4",
              "isHook": false,
              "skipped": false
            }
          ],
          "suites": [],
          "passes": [
            "5911505b-5de3-4f57-bcd1-2ef3545ee110",
            "04361761-97a5-4602-862f-f93f90988508",
            "e52ce38c-64b7-4d14-9d0e-394828789e43",
            "aa29b55f-766c-4c0b-bca6-da518d4d2246",
            "51511dd3-079e-4fd3-97a1-3da5b56c6303",
            "e7d812f2-87ac-4d86-81a4-485bf5b7fb7c"
          ],
          "failures": [],
          "pending": [],
          "skipped": [],
          "duration": 88,
          "root": false,
          "rootEmpty": false,
          "_timeout": 2000
        },
        {
          "uuid": "77254316-81ba-43f9-bfef-cf307eba1c47",
          "title": "Pruebas sobre adopción (CASOS ERRONEOS)",
          "fullFile": "F:\\Documents\\Git\\fundamor-api\\test\\adoptions.test.js",
          "file": "\\test\\adoptions.test.js",
          "beforeHooks": [],
          "afterHooks": [],
          "tests": [
            {
              "title": "No debería obtener los datos de una adopción inexistente",
              "fullTitle": "Pruebas sobre adopción (CASOS ERRONEOS) No debería obtener los datos de una adopción inexistente",
              "timedOut": false,
              "duration": 8,
              "state": "passed",
              "speed": "fast",
              "pass": true,
              "fail": false,
              "pending": false,
              "context": null,
              "code": "chai.request(url)\n\t.get(`/adoptions/${999}`)\n\t.set({ \"x-auth-token\": `${token}` })\n\t.end(function (err, res) {\n\t\texpect(res.body).to.have.property(\"state\").to.be.equal(false);\n\t\texpect(res).to.have.status(200);\n\t\tdone();\n\t});",
              "err": {},
              "uuid": "4bec1cbe-aed9-43f2-8786-1d6b0f628bbf",
              "parentUUID": "77254316-81ba-43f9-bfef-cf307eba1c47",
              "isHook": false,
              "skipped": false
            },
            {
              "title": "No debería obtener las preguntas asociadas a una adopción inexistente",
              "fullTitle": "Pruebas sobre adopción (CASOS ERRONEOS) No debería obtener las preguntas asociadas a una adopción inexistente",
              "timedOut": false,
              "duration": 5,
              "state": "passed",
              "speed": "fast",
              "pass": true,
              "fail": false,
              "pending": false,
              "context": null,
              "code": "chai.request(url)\n\t.get(\"/adoptionQuestions/21981238\")\n\t.set({ \"x-auth-token\": `${token}` })\n\t.end(function (err, res) {\n\t\texpect(res).to.have.status(200);\n\t\texpect(res.body).to.have.property(\"state\").to.be.equal(false);\n\t\tdone();\n\t});",
              "err": {},
              "uuid": "4bfd4568-be36-4048-9019-33172e51a256",
              "parentUUID": "77254316-81ba-43f9-bfef-cf307eba1c47",
              "isHook": false,
              "skipped": false
            },
            {
              "title": "No debería crear una nueva adopción cuando el adoptante seleccionado no exista",
              "fullTitle": "Pruebas sobre adopción (CASOS ERRONEOS) No debería crear una nueva adopción cuando el adoptante seleccionado no exista",
              "timedOut": false,
              "duration": 4,
              "state": "passed",
              "speed": "fast",
              "pass": true,
              "fail": false,
              "pending": false,
              "context": null,
              "code": "chai.request(url)\n\t.post(\"/adoptions\")\n\t.set({ \"x-auth-token\": `${token}` })\n\t.send({\n\t\tadoptionData: {\n\t\t\tid_animal: animalId,\n\t\t\testado: \"en proceso\",\n\t\t\tobservaciones: \"A la espera de visita domiciliaria\",\n\t\t\tfecha_entrega: null\n\t\t}, adopterData: { id_adoptante: \"293494839sss\", selected: true }, questionsData: []\n\t})\n\t.end(function (err, res) {\n\t\texpect(res).to.have.status(200);\n\t\texpect(res.body).to.have.property(\"state\").to.be.equal(false);\n\t\tdone();\n\t});",
              "err": {},
              "uuid": "d0d10074-3a64-46cb-9592-673118a3d96e",
              "parentUUID": "77254316-81ba-43f9-bfef-cf307eba1c47",
              "isHook": false,
              "skipped": false
            },
            {
              "title": "No debería crear una nueva adopción, creando adoptante ya registrado",
              "fullTitle": "Pruebas sobre adopción (CASOS ERRONEOS) No debería crear una nueva adopción, creando adoptante ya registrado",
              "timedOut": false,
              "duration": 4,
              "state": "passed",
              "speed": "fast",
              "pass": true,
              "fail": false,
              "pending": false,
              "context": null,
              "code": "chai.request(url)\n\t.post(\"/adoptions\")\n\t.set({ \"x-auth-token\": `${token}` })\n\t.send({\n\t\tadoptionData: {\n\t\t\tid_animal: 64,\n\t\t\testado: \"en proceso\",\n\t\t\tobservaciones: \"A la espera de visita domiciliaria\",\n\t\t\tfecha_entrega: null\n\t\t}, adopterData: {\n\t\t\tid_adoptante: \"100490344942\",\n\t\t\tcorreo: \"adopterTester@fundamor.com\",\n\t\t\tnombre: \"adopterTest\",\n\t\t\ttelefono_casa: \"312727284\",\n\t\t\ttelefono_celular: \"735467\",\n\t\t\tocupacion: \"Ingeniero\",\n\t\t\tciudad: \"Armenia\"\n\t\t}, questionsData: []\n\t}).end(function (err, res) {\n\t\texpect(res).to.have.status(200);\n\t\texpect(res.body).to.have.property(\"state\").to.be.equal(false);\n\t\tdone();\n\t});",
              "err": {},
              "uuid": "9c15e8fa-4d83-4126-b537-ad11a3ad13f7",
              "parentUUID": "77254316-81ba-43f9-bfef-cf307eba1c47",
              "isHook": false,
              "skipped": false
            },
            {
              "title": "No debería crear una nueva adopción cuando el animal ya se encuentra en un proceso sin concluir",
              "fullTitle": "Pruebas sobre adopción (CASOS ERRONEOS) No debería crear una nueva adopción cuando el animal ya se encuentra en un proceso sin concluir",
              "timedOut": false,
              "duration": 7,
              "state": "passed",
              "speed": "fast",
              "pass": true,
              "fail": false,
              "pending": false,
              "context": null,
              "code": "chai.request(url)\n\t.post(\"/adoptions\")\n\t.set({ \"x-auth-token\": `${token}` })\n\t.send({\n\t\tadoptionData: {\n\t\t\tid_animal: animalId,\n\t\t\testado: \"en proceso\",\n\t\t\tobservaciones: \"A la espera de visita domiciliaria\",\n\t\t\tfecha_entrega: null\n\t\t}, adopterData: { id_adoptante: adopterId, selected: true }, questionsData: []\n\t})\n\t.end(function (err, res) {\n\t\texpect(res).to.have.status(200);\n\t\texpect(res.body).to.have.property(\"state\").to.be.equal(false);\n\t\tdone();\n\t});",
              "err": {},
              "uuid": "dad7ffe2-c21a-437e-8f85-663ecb59ee83",
              "parentUUID": "77254316-81ba-43f9-bfef-cf307eba1c47",
              "isHook": false,
              "skipped": false
            },
            {
              "title": "No debería actualizar los datos de una adopción inexistente",
              "fullTitle": "Pruebas sobre adopción (CASOS ERRONEOS) No debería actualizar los datos de una adopción inexistente",
              "timedOut": false,
              "duration": 7,
              "state": "passed",
              "speed": "fast",
              "pass": true,
              "fail": false,
              "pending": false,
              "context": null,
              "code": "chai.request(url)\n\t.put(\"/adoptions\")\n\t.set({ \"x-auth-token\": `${token}` })\n\t.send({\n\t\tid_adopcion: \"9209\",\n\t\testado: \"En proceso\",\n\t\tobservaciones: \"Observaciones de prueba\"\n\t}).end(function (err, res) {\n\t\texpect(res).to.have.status(200);\n\t\texpect(res.body).to.have.property(\"state\").to.be.equal(false);\n\t\tdone();\n\t});",
              "err": {},
              "uuid": "0d33c21b-9372-4275-a02f-20251d5b59d8",
              "parentUUID": "77254316-81ba-43f9-bfef-cf307eba1c47",
              "isHook": false,
              "skipped": false
            },
            {
              "title": "No debería registrar un seguimiento si el proceso de adopción no está finalizado",
              "fullTitle": "Pruebas sobre adopción (CASOS ERRONEOS) No debería registrar un seguimiento si el proceso de adopción no está finalizado",
              "timedOut": false,
              "duration": 32,
              "state": "passed",
              "speed": "fast",
              "pass": true,
              "fail": false,
              "pending": false,
              "context": null,
              "code": "chai.request(url)\n\t.post(\"/tracking\")\n\t.set({ \"x-auth-token\": `${token}` })\n\t.send({\n\t\tid_adopcion: 44,\n\t\tanotaciones: \"anotacion de prueba\"\n\t})\n\t.end(function (err, res) {\n\t\texpect(res).to.have.status(200);\n\t\texpect(res.body).to.have.property(\"state\").to.be.equal(false);\n\t\tdone();\n\t});",
              "err": {},
              "uuid": "5ce7cb7d-4f35-4646-a30c-94427f66e441",
              "parentUUID": "77254316-81ba-43f9-bfef-cf307eba1c47",
              "isHook": false,
              "skipped": false
            },
            {
              "title": "No debería obtener la lista de seguimientos de una adopción inexistente",
              "fullTitle": "Pruebas sobre adopción (CASOS ERRONEOS) No debería obtener la lista de seguimientos de una adopción inexistente",
              "timedOut": false,
              "duration": 5,
              "state": "passed",
              "speed": "fast",
              "pass": true,
              "fail": false,
              "pending": false,
              "context": null,
              "code": "chai.request(url)\n\t.get(\"/tracking\")\n\t.set({ \"x-auth-token\": `${token}` })\n\t.send({\n\t\tid_adopcion: 238217328372\n\t})\n\t.end(function (err, res) {\n\t\texpect(res).to.have.status(200);\n\t\texpect(res.body).to.have.property(\"state\").to.be.equal(false);\n\t\tdone();\n\t});",
              "err": {},
              "uuid": "a2b152c5-32cf-4738-aaa2-a81d8956011a",
              "parentUUID": "77254316-81ba-43f9-bfef-cf307eba1c47",
              "isHook": false,
              "skipped": false
            }
          ],
          "suites": [],
          "passes": [
            "4bec1cbe-aed9-43f2-8786-1d6b0f628bbf",
            "4bfd4568-be36-4048-9019-33172e51a256",
            "d0d10074-3a64-46cb-9592-673118a3d96e",
            "9c15e8fa-4d83-4126-b537-ad11a3ad13f7",
            "dad7ffe2-c21a-437e-8f85-663ecb59ee83",
            "0d33c21b-9372-4275-a02f-20251d5b59d8",
            "5ce7cb7d-4f35-4646-a30c-94427f66e441",
            "a2b152c5-32cf-4738-aaa2-a81d8956011a"
          ],
          "failures": [],
          "pending": [],
          "skipped": [],
          "duration": 72,
          "root": false,
          "rootEmpty": false,
          "_timeout": 2000
        },
        {
          "uuid": "3cccc793-1644-4a35-83c1-38414c782ef1",
          "title": "Pruebas sobre datos estadisticos (CASOS IDEALES)",
          "fullFile": "F:\\Documents\\Git\\fundamor-api\\test\\analytics.test.js",
          "file": "\\test\\analytics.test.js",
          "beforeHooks": [],
          "afterHooks": [],
          "tests": [
            {
              "title": "Debería obtener el numero de animales registrados en el sistema",
              "fullTitle": "Pruebas sobre datos estadisticos (CASOS IDEALES) Debería obtener el numero de animales registrados en el sistema",
              "timedOut": false,
              "duration": 8,
              "state": "passed",
              "speed": "fast",
              "pass": true,
              "fail": false,
              "pending": false,
              "context": null,
              "code": "chai.request(url)\n\t.get(\"/analytics/countAnimals\")\n\t.set({ \"x-auth-token\": `${token}` })\n\t.end(function (err, res) {\n\t\texpect(res.body).to.have.property(\"state\").to.be.equal(true);\n\t\texpect(res).to.have.status(200);\n\t\tdone();\n\t});",
              "err": {},
              "uuid": "69db5c40-c429-4d78-8268-3da0db2a156a",
              "parentUUID": "3cccc793-1644-4a35-83c1-38414c782ef1",
              "isHook": false,
              "skipped": false
            },
            {
              "title": "Debería obtener el numero de animales rescatados este año, clasificados por especie",
              "fullTitle": "Pruebas sobre datos estadisticos (CASOS IDEALES) Debería obtener el numero de animales rescatados este año, clasificados por especie",
              "timedOut": false,
              "duration": 9,
              "state": "passed",
              "speed": "fast",
              "pass": true,
              "fail": false,
              "pending": false,
              "context": null,
              "code": "chai.request(url)\n\t.get(\"/analytics/rescuedAnimals\")\n\t.set({ \"x-auth-token\": `${token}` })\n\t.end(function (err, res) {\n\t\texpect(res.body).to.have.property(\"state\").to.be.equal(true);\n\t\texpect(res).to.have.status(200);\n\t\tdone();\n\t});",
              "err": {},
              "uuid": "92da0266-8913-4b40-8b4d-a60c903d942e",
              "parentUUID": "3cccc793-1644-4a35-83c1-38414c782ef1",
              "isHook": false,
              "skipped": false
            },
            {
              "title": "Debería obtener el numero de animales dados en adopción este año, clasificados por especie",
              "fullTitle": "Pruebas sobre datos estadisticos (CASOS IDEALES) Debería obtener el numero de animales dados en adopción este año, clasificados por especie",
              "timedOut": false,
              "duration": 12,
              "state": "passed",
              "speed": "fast",
              "pass": true,
              "fail": false,
              "pending": false,
              "context": null,
              "code": "chai.request(url)\n\t.get(\"/analytics/adoptedAnimals\")\n\t.set({ \"x-auth-token\": `${token}` })\n\t.end(function (err, res) {\n\t\texpect(res.body).to.have.property(\"state\").to.be.equal(true);\n\t\texpect(res).to.have.status(200);\n\t\tdone();\n\t});",
              "err": {},
              "uuid": "06c95145-6b2c-42f2-b999-b4b28864d674",
              "parentUUID": "3cccc793-1644-4a35-83c1-38414c782ef1",
              "isHook": false,
              "skipped": false
            },
            {
              "title": "Debería obtener el numero de animales esterilizados por la fundación, clasificados por especie",
              "fullTitle": "Pruebas sobre datos estadisticos (CASOS IDEALES) Debería obtener el numero de animales esterilizados por la fundación, clasificados por especie",
              "timedOut": false,
              "duration": 13,
              "state": "passed",
              "speed": "fast",
              "pass": true,
              "fail": false,
              "pending": false,
              "context": null,
              "code": "chai.request(url)\n\t.get(\"/analytics/sterilized\")\n\t.set({ \"x-auth-token\": `${token}` })\n\t.end(function (err, res) {\n\t\texpect(res.body).to.have.property(\"state\").to.be.equal(true);\n\t\texpect(res).to.have.status(200);\n\t\tdone();\n\t});",
              "err": {},
              "uuid": "b46d3140-3063-4dfc-aaa3-60a755817e31",
              "parentUUID": "3cccc793-1644-4a35-83c1-38414c782ef1",
              "isHook": false,
              "skipped": false
            },
            {
              "title": "Debería obtener el numero de animales desparasitados por la fundación",
              "fullTitle": "Pruebas sobre datos estadisticos (CASOS IDEALES) Debería obtener el numero de animales desparasitados por la fundación",
              "timedOut": false,
              "duration": 22,
              "state": "passed",
              "speed": "fast",
              "pass": true,
              "fail": false,
              "pending": false,
              "context": null,
              "code": "chai.request(url)\n\t.get(\"/analytics/dewormed\")\n\t.set({ \"x-auth-token\": `${token}` })\n\t.end(function (err, res) {\n\t\texpect(res.body).to.have.property(\"state\").to.be.equal(true);\n\t\texpect(res).to.have.status(200);\n\t\tdone();\n\t});",
              "err": {},
              "uuid": "dbedaa00-0987-45e8-8a30-ce5caa3cfe82",
              "parentUUID": "3cccc793-1644-4a35-83c1-38414c782ef1",
              "isHook": false,
              "skipped": false
            }
          ],
          "suites": [],
          "passes": [
            "69db5c40-c429-4d78-8268-3da0db2a156a",
            "92da0266-8913-4b40-8b4d-a60c903d942e",
            "06c95145-6b2c-42f2-b999-b4b28864d674",
            "b46d3140-3063-4dfc-aaa3-60a755817e31",
            "dbedaa00-0987-45e8-8a30-ce5caa3cfe82"
          ],
          "failures": [],
          "pending": [],
          "skipped": [],
          "duration": 64,
          "root": false,
          "rootEmpty": false,
          "_timeout": 2000
        },
        {
          "uuid": "f39b32b5-5990-479f-8809-d68dd4036b49",
          "title": "Pruebas sobre animal (CASOS IDEALES)",
          "fullFile": "F:\\Documents\\Git\\fundamor-api\\test\\animals.test.js",
          "file": "\\test\\animals.test.js",
          "beforeHooks": [],
          "afterHooks": [],
          "tests": [
            {
              "title": "Debería obtener los datos de un animal",
              "fullTitle": "Pruebas sobre animal (CASOS IDEALES) Debería obtener los datos de un animal",
              "timedOut": false,
              "duration": 7,
              "state": "passed",
              "speed": "fast",
              "pass": true,
              "fail": false,
              "pending": false,
              "context": null,
              "code": "chai.request(url)\n\t.get(\"/animals/27\")\n\t.set({ \"x-auth-token\": `${token}` })\n\t.end(function (err, res) {\n\t\texpect(res.body.data).to.have.property(\"id_animal\").to.be.equal(27);\n\t\texpect(res).to.have.status(200);\n\t\tdone();\n\t});",
              "err": {},
              "uuid": "bce9f520-3f78-41c4-8732-970fe6af152e",
              "parentUUID": "f39b32b5-5990-479f-8809-d68dd4036b49",
              "isHook": false,
              "skipped": false
            },
            {
              "title": "Debería obtener la lista de animales",
              "fullTitle": "Pruebas sobre animal (CASOS IDEALES) Debería obtener la lista de animales",
              "timedOut": false,
              "duration": 22,
              "state": "passed",
              "speed": "fast",
              "pass": true,
              "fail": false,
              "pending": false,
              "context": null,
              "code": "chai.request(url)\n\t.get(\"/animals\")\n\t.set({ \"x-auth-token\": `${token}` })\n\t.end(function (err, res) {\n\t\texpect(res).to.have.status(200);\n\t\texpect(res.body).to.have.property(\"state\").to.be.equal(true);\n\t\tdone();\n\t});",
              "err": {},
              "uuid": "b6f5c8ec-f0d0-4448-a5ca-64004b30d6bc",
              "parentUUID": "f39b32b5-5990-479f-8809-d68dd4036b49",
              "isHook": false,
              "skipped": false
            },
            {
              "title": "Debería insertar un nuevo animal",
              "fullTitle": "Pruebas sobre animal (CASOS IDEALES) Debería insertar un nuevo animal",
              "timedOut": false,
              "duration": 31,
              "state": "passed",
              "speed": "fast",
              "pass": true,
              "fail": false,
              "pending": false,
              "context": null,
              "code": "chai.request(url)\n\t.post(\"/animals\")\n\t.set({ \"x-auth-token\": `${token}` })\n\t.send({\n\t\tespecie: \"gato\",\n\t\tnombre: \"Pelusa\",\n\t\tfecha_nacimiento: \"2021-08-10\",\n\t\tsexo: \"macho\",\n\t\tcaracteristicas: \"Es muy amigable\",\n\t\tsitio_rescate: \"Barrio llanitos, calarcá\",\n\t\tfecha_rescate: \"2021-10-10\",\n\t\tcolor: \"Blanco con machas\",\n\t\tvacunas: \"Antirraboca\",\n\t\testerilizado: false,\n\t\tdesparasitado: true,\n\t\ttamanio: \"pequeño\",\n\t\testado: \"Sin adoptar\"\n\t})\n\t.end(function (err, res) {\n\t\texpect(res).to.have.status(201);\n\t\texpect(res.body).to.have.property(\"state\").to.be.equal(true);\n\t\tdone();\n\t});",
              "err": {},
              "uuid": "40e62743-a185-4be1-a3c1-14683f91da03",
              "parentUUID": "f39b32b5-5990-479f-8809-d68dd4036b49",
              "isHook": false,
              "skipped": false
            },
            {
              "title": "Debería actualizar los datos de un animal",
              "fullTitle": "Pruebas sobre animal (CASOS IDEALES) Debería actualizar los datos de un animal",
              "timedOut": false,
              "duration": 5,
              "state": "passed",
              "speed": "fast",
              "pass": true,
              "fail": false,
              "pending": false,
              "context": null,
              "code": "chai.request(url)\n\t.put(\"/animals\")\n\t.set({ \"x-auth-token\": `${token}` })\n\t.send({\n\t\tid_animal: 77,\n\t\tespecie: \"gato\",\n\t\tnombre: \"Pelusa\",\n\t\tfecha_nacimiento: \"2021-08-10\",\n\t\tsexo: \"macho\",\n\t\tcaracteristicas: \"Es muy amigable, y jugueton\",\n\t\tsitio_rescate: \"Barrio llanitos, calarcá\",\n\t\tfecha_rescate: \"2021-10-10\",\n\t\tcolor: \"Blanco con machas\",\n\t\tvacunas: \"Antirraboca\",\n\t\testerilizado: false,\n\t\tdesparasitado: true,\n\t\ttamanio: \"pequeño\",\n\t\testado: \"Sin adoptar\"\n\t}).end(function (err, res) {\n\t\texpect(res).to.have.status(200);\n\t\texpect(res.body).to.have.property(\"state\").to.be.equal(true);\n\t\tdone();\n\t});",
              "err": {},
              "uuid": "e14f7c1c-2898-4837-9225-271380f4fbd4",
              "parentUUID": "f39b32b5-5990-479f-8809-d68dd4036b49",
              "isHook": false,
              "skipped": false
            }
          ],
          "suites": [],
          "passes": [
            "bce9f520-3f78-41c4-8732-970fe6af152e",
            "b6f5c8ec-f0d0-4448-a5ca-64004b30d6bc",
            "40e62743-a185-4be1-a3c1-14683f91da03",
            "e14f7c1c-2898-4837-9225-271380f4fbd4"
          ],
          "failures": [],
          "pending": [],
          "skipped": [],
          "duration": 65,
          "root": false,
          "rootEmpty": false,
          "_timeout": 2000
        },
        {
          "uuid": "2bedea97-4899-47ea-b4bb-cf38578f890f",
          "title": "Pruebas sobre animal (CASOS ERONEOS)",
          "fullFile": "F:\\Documents\\Git\\fundamor-api\\test\\animals.test.js",
          "file": "\\test\\animals.test.js",
          "beforeHooks": [],
          "afterHooks": [],
          "tests": [
            {
              "title": "No debería obtener los datos de un animal inexistente",
              "fullTitle": "Pruebas sobre animal (CASOS ERONEOS) No debería obtener los datos de un animal inexistente",
              "timedOut": false,
              "duration": 5,
              "state": "passed",
              "speed": "fast",
              "pass": true,
              "fail": false,
              "pending": false,
              "context": null,
              "code": "chai.request(url)\n\t.get(\"/animals/899798\")\n\t.set({ \"x-auth-token\": `${token}` })\n\t.end(function (err, res) {\n\t\texpect(res.body).to.have.property(\"state\").to.be.equal(false);\n\t\texpect(res).to.have.status(200);\n\t\tdone();\n\t});",
              "err": {},
              "uuid": "6c5df110-b201-4156-9c24-bdb9d83d83ee",
              "parentUUID": "2bedea97-4899-47ea-b4bb-cf38578f890f",
              "isHook": false,
              "skipped": false
            },
            {
              "title": "No debería insertar un animal si faltan datos obligatorios del mismo ",
              "fullTitle": "Pruebas sobre animal (CASOS ERONEOS) No debería insertar un animal si faltan datos obligatorios del mismo ",
              "timedOut": false,
              "duration": 3,
              "state": "passed",
              "speed": "fast",
              "pass": true,
              "fail": false,
              "pending": false,
              "context": null,
              "code": "chai.request(url)\n\t.post(\"/animals\")\n\t.set({ \"x-auth-token\": `${token}` })\n\t.send({\n\t\tfecha_nacimiento: \"2021-08-10\",\n\t\tsexo: \"macho\",\n\t\tcaracteristicas: \"Es muy amigable\",\n\t\tsitio_rescate: \"Barrio llanitos, calarcá\",\n\t\tfecha_rescate: \"2021-10-10\",\n\t\tcolor: \"Blanco con machas\",\n\t\tvacunas: \"Antirraboca\",\n\t\testerilizado: false,\n\t\tdesparasitado: true,\n\t\ttamanio: \"pequeño\",\n\t\testado: \"Sin adoptar\"\n\t})\n\t.end(function (err, res) {\n\t\n\t\texpect(res).to.have.status(422);\n\t\tdone();\n\t});",
              "err": {},
              "uuid": "f3c960af-7d06-429d-ad91-46088374f4cc",
              "parentUUID": "2bedea97-4899-47ea-b4bb-cf38578f890f",
              "isHook": false,
              "skipped": false
            },
            {
              "title": "No debería actualizar los datos de un animal si alguno de los campos no corresponden con el tipo de dato",
              "fullTitle": "Pruebas sobre animal (CASOS ERONEOS) No debería actualizar los datos de un animal si alguno de los campos no corresponden con el tipo de dato",
              "timedOut": false,
              "duration": 3,
              "state": "passed",
              "speed": "fast",
              "pass": true,
              "fail": false,
              "pending": false,
              "context": null,
              "code": "chai.request(url)\n\t.put(\"/animals\")\n\t.set({ \"x-auth-token\": `${token}` })\n\t.send({\n\t\tespecie: \"gato\",\n\t\tnombre: \"Pelusa\",\n\t\tfecha_nacimiento: \"2021-08-10\",\n\t\tsexo: \"macho\",\n\t\tcaracteristicas: \"Es muy amigable, y jugueton\",\n\t\tsitio_rescate: \"Barrio llanitos, calarcá\",\n\t\tfecha_rescate: \"2021-10-10\",\n\t\tcolor: \"Blanco con machas\",\n\t\tvacunas: \"Antirraboca\",\n\t\testerilizado: null,\n\t\tdesparasitado: true,\n\t\ttamanio: \"pequeño\",\n\t\testado: \"Sin adoptar\"\n\t}).end(function (err, res) {\n\t\texpect(res).to.have.status(422);\n\t\tdone();\n\t});",
              "err": {},
              "uuid": "643e2250-436f-427c-a827-37b72c93eba7",
              "parentUUID": "2bedea97-4899-47ea-b4bb-cf38578f890f",
              "isHook": false,
              "skipped": false
            }
          ],
          "suites": [],
          "passes": [
            "6c5df110-b201-4156-9c24-bdb9d83d83ee",
            "f3c960af-7d06-429d-ad91-46088374f4cc",
            "643e2250-436f-427c-a827-37b72c93eba7"
          ],
          "failures": [],
          "pending": [],
          "skipped": [],
          "duration": 11,
          "root": false,
          "rootEmpty": false,
          "_timeout": 2000
        },
        {
          "uuid": "77fbacc9-3902-496b-8acb-8ee8942f4560",
          "title": "Pruebas sobre autenticacion (CASOS IDEALES)",
          "fullFile": "F:\\Documents\\Git\\fundamor-api\\test\\auth.test.js",
          "file": "\\test\\auth.test.js",
          "beforeHooks": [],
          "afterHooks": [],
          "tests": [
            {
              "title": "Debería obtener el token de autenticacion",
              "fullTitle": "Pruebas sobre autenticacion (CASOS IDEALES) Debería obtener el token de autenticacion",
              "timedOut": false,
              "duration": 99,
              "state": "passed",
              "speed": "slow",
              "pass": true,
              "fail": false,
              "pending": false,
              "context": null,
              "code": "chai.request(url)\n\t.post(\"/auth/token\")\n\t.send({\n\t\tcorreo: \"luzmari0987@gmail.com\",\n\t\tcontrasenia: \"12345678\"\n\t})\n\t.end(function (err, res) {\n\t\texpect(res.body).to.have.property(\"state\").to.be.equal(true);\n\t\texpect(res).to.have.status(200);\n\t\tdone();\n\t});",
              "err": {},
              "uuid": "1ea0ab78-e40d-44dd-8712-39a86b88eee5",
              "parentUUID": "77fbacc9-3902-496b-8acb-8ee8942f4560",
              "isHook": false,
              "skipped": false
            },
            {
              "title": "Debería obtener los datos del usuario al que le pertenece un token",
              "fullTitle": "Pruebas sobre autenticacion (CASOS IDEALES) Debería obtener los datos del usuario al que le pertenece un token",
              "timedOut": false,
              "duration": 4,
              "state": "passed",
              "speed": "fast",
              "pass": true,
              "fail": false,
              "pending": false,
              "context": null,
              "code": "chai.request(url)\n\t.get(\"/auth\")\n\t.set({ \"x-auth-token\": `${token}` })\n\t.end(function (err, res) {\n\t\texpect(res.body).to.have.property(\"state\").to.be.equal(true);\n\t\texpect(res).to.have.status(200);\n\t\tdone();\n\t});",
              "err": {},
              "uuid": "14ad8dec-8b10-4b81-b498-b3265050f04f",
              "parentUUID": "77fbacc9-3902-496b-8acb-8ee8942f4560",
              "isHook": false,
              "skipped": false
            }
          ],
          "suites": [],
          "passes": [
            "1ea0ab78-e40d-44dd-8712-39a86b88eee5",
            "14ad8dec-8b10-4b81-b498-b3265050f04f"
          ],
          "failures": [],
          "pending": [],
          "skipped": [],
          "duration": 103,
          "root": false,
          "rootEmpty": false,
          "_timeout": 2000
        },
        {
          "uuid": "f6fdf767-52c7-4159-9022-2bdb22d7d16c",
          "title": "Pruebas sobre autenticacion (CASOS ERRONEOS)",
          "fullFile": "F:\\Documents\\Git\\fundamor-api\\test\\auth.test.js",
          "file": "\\test\\auth.test.js",
          "beforeHooks": [],
          "afterHooks": [],
          "tests": [
            {
              "title": "No debería obtener el token de autenticacion si la contraseña es incorrecta",
              "fullTitle": "Pruebas sobre autenticacion (CASOS ERRONEOS) No debería obtener el token de autenticacion si la contraseña es incorrecta",
              "timedOut": false,
              "duration": 77,
              "state": "passed",
              "speed": "slow",
              "pass": true,
              "fail": false,
              "pending": false,
              "context": null,
              "code": "chai.request(url)\n\t.post(\"/auth/token\")\n\t.send({\n\t\tcorreo: \"luzmari0987@gmail.com\",\n\t\tcontrasenia: \"123456wewe78\"\n\t})\n\t.end(function (err, res) {\n\t\texpect(res.body).to.have.property(\"state\").to.be.equal(false);\n\t\texpect(res).to.have.status(200);\n\t\tdone();\n\t});",
              "err": {},
              "uuid": "7d6c4595-decd-46ae-9f2d-a9fa7c083946",
              "parentUUID": "f6fdf767-52c7-4159-9022-2bdb22d7d16c",
              "isHook": false,
              "skipped": false
            },
            {
              "title": "No debería obtener los datos del usuario al que le pertenece un token si el token es inválido o ha expirado",
              "fullTitle": "Pruebas sobre autenticacion (CASOS ERRONEOS) No debería obtener los datos del usuario al que le pertenece un token si el token es inválido o ha expirado",
              "timedOut": false,
              "duration": 3,
              "state": "passed",
              "speed": "fast",
              "pass": true,
              "fail": false,
              "pending": false,
              "context": null,
              "code": "chai.request(url)\n\t.get(\"/auth\")\n\t.set({ \"x-auth-token\": `${\"sdkashdjkhasdkjdhasdksahdkashdkhsakdhkajshdkjasdkhkasj\"}` })\n\t.end(function (err, res) {\n\t\texpect(res).to.have.status(401);\n\t\tdone();\n\t});",
              "err": {},
              "uuid": "ba471a4e-c551-4634-9173-9a008aff6735",
              "parentUUID": "f6fdf767-52c7-4159-9022-2bdb22d7d16c",
              "isHook": false,
              "skipped": false
            },
            {
              "title": "No debería permitirle al usuario restablecer su contraseña, si el correo no existe",
              "fullTitle": "Pruebas sobre autenticacion (CASOS ERRONEOS) No debería permitirle al usuario restablecer su contraseña, si el correo no existe",
              "timedOut": false,
              "duration": 4,
              "state": "passed",
              "speed": "fast",
              "pass": true,
              "fail": false,
              "pending": false,
              "context": null,
              "code": "chai.request(url)\n\t.post(\"/auth/recoveryPassword\")\n\t.send({\n\t\tcorreo: \"luzmar222i0987@gmail.com\"\n\t})\n\t.end(function (err, res) {\n\t\texpect(res.body).to.have.property(\"state\").to.be.equal(false);\n\t\texpect(res).to.have.status(200);\n\t\tdone();\n\t});",
              "err": {},
              "uuid": "7adb2e82-c603-4e5f-ad62-d9fc54c9a6ee",
              "parentUUID": "f6fdf767-52c7-4159-9022-2bdb22d7d16c",
              "isHook": false,
              "skipped": false
            }
          ],
          "suites": [],
          "passes": [
            "7d6c4595-decd-46ae-9f2d-a9fa7c083946",
            "ba471a4e-c551-4634-9173-9a008aff6735",
            "7adb2e82-c603-4e5f-ad62-d9fc54c9a6ee"
          ],
          "failures": [],
          "pending": [],
          "skipped": [],
          "duration": 84,
          "root": false,
          "rootEmpty": false,
          "_timeout": 2000
        },
        {
          "uuid": "165c95b2-d515-460c-a3d7-edfce9938ed6",
          "title": "Pruebas sobre colaboradores (CASOS IDEALES)",
          "fullFile": "F:\\Documents\\Git\\fundamor-api\\test\\employee.test.js",
          "file": "\\test\\employee.test.js",
          "beforeHooks": [],
          "afterHooks": [],
          "tests": [
            {
              "title": "Debería obtener los datos de un colaborador",
              "fullTitle": "Pruebas sobre colaboradores (CASOS IDEALES) Debería obtener los datos de un colaborador",
              "timedOut": false,
              "duration": 4,
              "state": "passed",
              "speed": "fast",
              "pass": true,
              "fail": false,
              "pending": false,
              "context": null,
              "code": "chai.request(url)\n\t.get(\"/employees/1001\")\n\t.set({ \"x-auth-token\": `${token}` })\n\t.end(function (err, res) {\n\t\texpect(res.body.data).to.have.property(\"id_empleado\").to.be.equal(\"1001\");\n\t\texpect(res).to.have.status(200);\n\t\tdone();\n\t});",
              "err": {},
              "uuid": "b4c9ec21-91da-4731-931c-edad79ea3628",
              "parentUUID": "165c95b2-d515-460c-a3d7-edfce9938ed6",
              "isHook": false,
              "skipped": false
            },
            {
              "title": "Debería obtener la lista de empleados",
              "fullTitle": "Pruebas sobre colaboradores (CASOS IDEALES) Debería obtener la lista de empleados",
              "timedOut": false,
              "duration": 4,
              "state": "passed",
              "speed": "fast",
              "pass": true,
              "fail": false,
              "pending": false,
              "context": null,
              "code": "chai.request(url)\n\t.get(\"/employees\")\n\t.set({ \"x-auth-token\": `${token}` })\n\t.end(function (err, res) {\n\t\texpect(res).to.have.status(200);\n\t\texpect(res.body).to.have.property(\"state\").to.be.equal(true);\n\t\tdone();\n\t});",
              "err": {},
              "uuid": "8b8db48d-6ced-4e36-9afe-da43cbf1ac40",
              "parentUUID": "165c95b2-d515-460c-a3d7-edfce9938ed6",
              "isHook": false,
              "skipped": false
            },
            {
              "title": "Debería actualizar los datos de un empleado",
              "fullTitle": "Pruebas sobre colaboradores (CASOS IDEALES) Debería actualizar los datos de un empleado",
              "timedOut": false,
              "duration": 7,
              "state": "passed",
              "speed": "fast",
              "pass": true,
              "fail": false,
              "pending": false,
              "context": null,
              "code": "chai.request(url)\n\t.put(\"/employees\")\n\t.set({ \"x-auth-token\": `${token}` })\n\t.send({\n\t\tnombre: \"Luz marina Ramirez gomez\",\n\t\tcorreo: \"luzmari0987@gmail.com\",\n\t\ttelefono_celular: \"3128904567\",\n\t\tid_empleado: \"1001\"\n\t}).end(function (err, res) {\n\t\texpect(res).to.have.status(200);\n\t\texpect(res.body).to.have.property(\"state\").to.be.equal(true);\n\t\tdone();\n\t});",
              "err": {},
              "uuid": "9d1671bb-c605-48a7-9669-9835244a5f60",
              "parentUUID": "165c95b2-d515-460c-a3d7-edfce9938ed6",
              "isHook": false,
              "skipped": false
            }
          ],
          "suites": [],
          "passes": [
            "b4c9ec21-91da-4731-931c-edad79ea3628",
            "8b8db48d-6ced-4e36-9afe-da43cbf1ac40",
            "9d1671bb-c605-48a7-9669-9835244a5f60"
          ],
          "failures": [],
          "pending": [],
          "skipped": [],
          "duration": 15,
          "root": false,
          "rootEmpty": false,
          "_timeout": 2000
        },
        {
          "uuid": "54e4a1b2-f6ea-4369-b43b-0d8aa7ed7395",
          "title": "Pruebas sobre empleados (CASOS ERONEOS)",
          "fullFile": "F:\\Documents\\Git\\fundamor-api\\test\\employee.test.js",
          "file": "\\test\\employee.test.js",
          "beforeHooks": [],
          "afterHooks": [],
          "tests": [
            {
              "title": "No debería obtener los datos de un empleado inexistente",
              "fullTitle": "Pruebas sobre empleados (CASOS ERONEOS) No debería obtener los datos de un empleado inexistente",
              "timedOut": false,
              "duration": 4,
              "state": "passed",
              "speed": "fast",
              "pass": true,
              "fail": false,
              "pending": false,
              "context": null,
              "code": "chai.request(url)\n\t.get(\"/employees/899798\")\n\t.set({ \"x-auth-token\": `${token}` })\n\t.end(function (err, res) {\n\t\texpect(res.body).to.have.property(\"state\").to.be.equal(false);\n\t\texpect(res).to.have.status(200);\n\t\tdone();\n\t});",
              "err": {},
              "uuid": "7d9f6f76-b617-45f0-8636-10eeff29d4c5",
              "parentUUID": "54e4a1b2-f6ea-4369-b43b-0d8aa7ed7395",
              "isHook": false,
              "skipped": false
            },
            {
              "title": "No debería insertar un empleado cuando ya exista su identificación o su correo",
              "fullTitle": "Pruebas sobre empleados (CASOS ERONEOS) No debería insertar un empleado cuando ya exista su identificación o su correo",
              "timedOut": false,
              "duration": 5,
              "state": "passed",
              "speed": "fast",
              "pass": true,
              "fail": false,
              "pending": false,
              "context": null,
              "code": "chai.request(url)\n\t.post(\"/employees\")\n\t.set({ \"x-auth-token\": `${token}` })\n\t.send({\n\t\tcorreo: \"testerman2@fundamor.com\",\n\t\tcontrasenia: \"12345678\",\n\t\tnombre: \"Testerman ocoró\",\n\t\trol: \"administrador\",\n\t\tid_empleado: \"10206095537\"\n\t})\n\t.end(function (err, res) {\n\t\texpect(res).to.have.status(200);\n\t\texpect(res.body).to.have.property(\"state\").to.be.equal(false);\n\t\tdone();\n\t});",
              "err": {},
              "uuid": "214ef524-8f89-47cd-964f-4592fd847a52",
              "parentUUID": "54e4a1b2-f6ea-4369-b43b-0d8aa7ed7395",
              "isHook": false,
              "skipped": false
            },
            {
              "title": "No debería actualizar un empleado cuando exista alguien mas con ese correo",
              "fullTitle": "Pruebas sobre empleados (CASOS ERONEOS) No debería actualizar un empleado cuando exista alguien mas con ese correo",
              "timedOut": false,
              "duration": 5,
              "state": "passed",
              "speed": "fast",
              "pass": true,
              "fail": false,
              "pending": false,
              "context": null,
              "code": "employee.correo = usedMail;\nchai.request(url)\n\t.put(\"/employees\")\n\t.set({ \"x-auth-token\": `${token}` })\n\t.send( employee)\n\t.end(function (err, res) {\n\t\texpect(res).to.have.status(200);\n\t\texpect(res.body).to.have.property(\"state\").to.be.equal(false);\n\t\tdone();\n\t});",
              "err": {},
              "uuid": "5ac50f3e-1230-46ac-b79c-40b7ba1cbb4a",
              "parentUUID": "54e4a1b2-f6ea-4369-b43b-0d8aa7ed7395",
              "isHook": false,
              "skipped": false
            },
            {
              "title": "No debería actualizar un empleado cuando falten datos obligatorios",
              "fullTitle": "Pruebas sobre empleados (CASOS ERONEOS) No debería actualizar un empleado cuando falten datos obligatorios",
              "timedOut": false,
              "duration": 3,
              "state": "passed",
              "speed": "fast",
              "pass": true,
              "fail": false,
              "pending": false,
              "context": null,
              "code": "chai.request(url)\n\t.put(\"/employees\")\n\t.set({ \"x-auth-token\": `${token}` })\n\t.send({\n\t\tnombre: \"Juan\"\n\t})\n\t.end(function (err, res) {\n\t\texpect(res).to.have.status(422);\n\t\tdone();\n\t});",
              "err": {},
              "uuid": "a2510408-8902-43fc-9575-87692b6c3439",
              "parentUUID": "54e4a1b2-f6ea-4369-b43b-0d8aa7ed7395",
              "isHook": false,
              "skipped": false
            }
          ],
          "suites": [],
          "passes": [
            "7d9f6f76-b617-45f0-8636-10eeff29d4c5",
            "214ef524-8f89-47cd-964f-4592fd847a52",
            "5ac50f3e-1230-46ac-b79c-40b7ba1cbb4a",
            "a2510408-8902-43fc-9575-87692b6c3439"
          ],
          "failures": [],
          "pending": [],
          "skipped": [],
          "duration": 17,
          "root": false,
          "rootEmpty": false,
          "_timeout": 2000
        },
        {
          "uuid": "9a942429-0af0-4841-8225-b58cc9077e88",
          "title": "Pruebas sobre publicación (CASOS IDEALES)",
          "fullFile": "F:\\Documents\\Git\\fundamor-api\\test\\post.test.js",
          "file": "\\test\\post.test.js",
          "beforeHooks": [],
          "afterHooks": [],
          "tests": [
            {
              "title": "Debería obtener los datos de una publicación",
              "fullTitle": "Pruebas sobre publicación (CASOS IDEALES) Debería obtener los datos de una publicación",
              "timedOut": false,
              "duration": 6,
              "state": "passed",
              "speed": "fast",
              "pass": true,
              "fail": false,
              "pending": false,
              "context": null,
              "code": "chai.request(url)\n\t.get(\"/post/1\")\n\t.set({ \"x-auth-token\": `${token}` })\n\t.end(function (err, res) {\n\t\texpect(res.body.data).to.have.property(\"id_publicacion\").to.be.equal(1);\n\t\texpect(res).to.have.status(200);\n\t\tdone();\n\t});",
              "err": {},
              "uuid": "3db46b45-0a14-467c-b336-3947b4cbff6a",
              "parentUUID": "9a942429-0af0-4841-8225-b58cc9077e88",
              "isHook": false,
              "skipped": false
            },
            {
              "title": "Debería obtener la lista de publicaciones",
              "fullTitle": "Pruebas sobre publicación (CASOS IDEALES) Debería obtener la lista de publicaciones",
              "timedOut": false,
              "duration": 13,
              "state": "passed",
              "speed": "fast",
              "pass": true,
              "fail": false,
              "pending": false,
              "context": null,
              "code": "chai.request(url)\n\t.get(\"/post\")\n\t.set({ \"x-auth-token\": `${token}` })\n\t.end(function (err, res) {\n\t\texpect(res).to.have.status(200);\n\t\texpect(res.body).to.have.property(\"state\").to.be.equal(true);\n\t\tdone();\n\t});",
              "err": {},
              "uuid": "4df0a847-f2eb-4462-8849-e2080249caa4",
              "parentUUID": "9a942429-0af0-4841-8225-b58cc9077e88",
              "isHook": false,
              "skipped": false
            },
            {
              "title": "Debería insertar una nueva publicación",
              "fullTitle": "Pruebas sobre publicación (CASOS IDEALES) Debería insertar una nueva publicación",
              "timedOut": false,
              "duration": 23,
              "state": "passed",
              "speed": "fast",
              "pass": true,
              "fail": false,
              "pending": false,
              "context": null,
              "code": "chai.request(url)\n\t.post(\"/post\")\n\t.set({ \"x-auth-token\": `${token}` })\n\t.send({\n\t\ttitulo: \"Publicación test\",\n\t\tcuerpo: \"Aqui va el cuerpo de la publicación\"\n\t})\n\t.end(function (err, res) {\n\t\texpect(res).to.have.status(201);\n\t\texpect(res.body).to.have.property(\"state\").to.be.equal(true);\n\t\tdone();\n\t});",
              "err": {},
              "uuid": "54d831e0-5e36-4a96-aa78-6160ba3212f8",
              "parentUUID": "9a942429-0af0-4841-8225-b58cc9077e88",
              "isHook": false,
              "skipped": false
            },
            {
              "title": "Debería actualizar los datos de una publicación",
              "fullTitle": "Pruebas sobre publicación (CASOS IDEALES) Debería actualizar los datos de una publicación",
              "timedOut": false,
              "duration": 32,
              "state": "passed",
              "speed": "fast",
              "pass": true,
              "fail": false,
              "pending": false,
              "context": null,
              "code": "chai.request(url)\n\t.put(\"/post\")\n\t.set({ \"x-auth-token\": `${token}` })\n\t.send({\n\t\tid_publicacion:2,\n\t\ttitulo: \"Test de actualizacion\",\n\t\tcuerpo:\"cuerpo actualziado\"\n\t}).end(function (err, res) {\n\t\texpect(res).to.have.status(200);\n\t\texpect(res.body).to.have.property(\"state\").to.be.equal(true);\n\t\tdone();\n\t});",
              "err": {},
              "uuid": "c1a3af5f-b1db-4a43-b257-eb5adb1bbe11",
              "parentUUID": "9a942429-0af0-4841-8225-b58cc9077e88",
              "isHook": false,
              "skipped": false
            }
          ],
          "suites": [],
          "passes": [
            "3db46b45-0a14-467c-b336-3947b4cbff6a",
            "4df0a847-f2eb-4462-8849-e2080249caa4",
            "54d831e0-5e36-4a96-aa78-6160ba3212f8",
            "c1a3af5f-b1db-4a43-b257-eb5adb1bbe11"
          ],
          "failures": [],
          "pending": [],
          "skipped": [],
          "duration": 74,
          "root": false,
          "rootEmpty": false,
          "_timeout": 2000
        },
        {
          "uuid": "ea9bb952-ad85-457e-bcb8-a7fac28ecea9",
          "title": "Pruebas sobre publicación (CASOS ERONEOS)",
          "fullFile": "F:\\Documents\\Git\\fundamor-api\\test\\post.test.js",
          "file": "\\test\\post.test.js",
          "beforeHooks": [],
          "afterHooks": [],
          "tests": [
            {
              "title": "No debería obtener los datos de una publicación inexistente",
              "fullTitle": "Pruebas sobre publicación (CASOS ERONEOS) No debería obtener los datos de una publicación inexistente",
              "timedOut": false,
              "duration": 5,
              "state": "passed",
              "speed": "fast",
              "pass": true,
              "fail": false,
              "pending": false,
              "context": null,
              "code": "chai.request(url)\n\t.get(\"/post/899798\")\n\t.set({ \"x-auth-token\": `${token}` })\n\t.end(function (err, res) {\n\t\texpect(res.body).to.have.property(\"state\").to.be.equal(false);\n\t\texpect(res).to.have.status(200);\n\t\tdone();\n\t});",
              "err": {},
              "uuid": "af616369-e7b6-46f7-b106-acada857f889",
              "parentUUID": "ea9bb952-ad85-457e-bcb8-a7fac28ecea9",
              "isHook": false,
              "skipped": false
            },
            {
              "title": "No debería insertar una publicación si faltan datos obligatorios",
              "fullTitle": "Pruebas sobre publicación (CASOS ERONEOS) No debería insertar una publicación si faltan datos obligatorios",
              "timedOut": false,
              "duration": 2,
              "state": "passed",
              "speed": "fast",
              "pass": true,
              "fail": false,
              "pending": false,
              "context": null,
              "code": "chai.request(url)\n\t.post(\"/post\")\n\t.set({ \"x-auth-token\": `${token}` })\n\t.send({\n\t\ttitulo: \"2021-08-10\"\n\t})\n\t.end(function (err, res) {\n\t\n\t\texpect(res).to.have.status(422);\n\t\tdone();\n\t});",
              "err": {},
              "uuid": "04b2ddaa-1ba1-476b-b1d1-98842acf7e73",
              "parentUUID": "ea9bb952-ad85-457e-bcb8-a7fac28ecea9",
              "isHook": false,
              "skipped": false
            }
          ],
          "suites": [],
          "passes": [
            "af616369-e7b6-46f7-b106-acada857f889",
            "04b2ddaa-1ba1-476b-b1d1-98842acf7e73"
          ],
          "failures": [],
          "pending": [],
          "skipped": [],
          "duration": 7,
          "root": false,
          "rootEmpty": false,
          "_timeout": 2000
        },
        {
          "uuid": "267a1a96-1f11-4035-a938-3882d0c46304",
          "title": "Pruebas sobre preguntas de adopción (CASOS IDEALES)",
          "fullFile": "F:\\Documents\\Git\\fundamor-api\\test\\questions.test.js",
          "file": "\\test\\questions.test.js",
          "beforeHooks": [],
          "afterHooks": [],
          "tests": [
            {
              "title": "Debería obtener los datos de una pregunta",
              "fullTitle": "Pruebas sobre preguntas de adopción (CASOS IDEALES) Debería obtener los datos de una pregunta",
              "timedOut": false,
              "duration": 5,
              "state": "passed",
              "speed": "fast",
              "pass": true,
              "fail": false,
              "pending": false,
              "context": null,
              "code": "chai.request(url)\n\t.get(\"/questions/35\")\n\t.set({ \"x-auth-token\": `${token}` })\n\t.end(function (err, res) {\n\t\texpect(res.body.data).to.have.property(\"id_pregunta\").to.be.equal(35);\n\t\texpect(res).to.have.status(200);\n\t\tdone();\n\t});",
              "err": {},
              "uuid": "39531d96-f2e5-4de6-9250-cf8563e7fa48",
              "parentUUID": "267a1a96-1f11-4035-a938-3882d0c46304",
              "isHook": false,
              "skipped": false
            },
            {
              "title": "Debería obtener la lista de preguntas",
              "fullTitle": "Pruebas sobre preguntas de adopción (CASOS IDEALES) Debería obtener la lista de preguntas",
              "timedOut": false,
              "duration": 7,
              "state": "passed",
              "speed": "fast",
              "pass": true,
              "fail": false,
              "pending": false,
              "context": null,
              "code": "chai.request(url)\n\t.get(\"/questions\")\n\t.set({ \"x-auth-token\": `${token}` })\n\t.end(function (err, res) {\n\t\texpect(res).to.have.status(200);\n\t\texpect(res.body).to.have.property(\"state\").to.be.equal(true);\n\t\tdone();\n\t});",
              "err": {},
              "uuid": "03e049cc-d293-4e93-9090-7aad7e9f8374",
              "parentUUID": "267a1a96-1f11-4035-a938-3882d0c46304",
              "isHook": false,
              "skipped": false
            },
            {
              "title": "Debería insertar una nueva pregunta",
              "fullTitle": "Pruebas sobre preguntas de adopción (CASOS IDEALES) Debería insertar una nueva pregunta",
              "timedOut": false,
              "duration": 26,
              "state": "passed",
              "speed": "fast",
              "pass": true,
              "fail": false,
              "pending": false,
              "context": null,
              "code": "chai.request(url)\n\t.post(\"/questions\")\n\t.set({ \"x-auth-token\": `${token}` })\n\t.send({\n\t\ttitulo: \"Publicación test\",\n\t\ttipo_pregunta: \"abierta\"\n\t})\n\t.end(function (err, res) {\n\t\texpect(res).to.have.status(201);\n\t\texpect(res.body).to.have.property(\"state\").to.be.equal(true);\n\t\tdone();\n\t});",
              "err": {},
              "uuid": "9cab3772-1517-4f4d-85b1-2d384d53daca",
              "parentUUID": "267a1a96-1f11-4035-a938-3882d0c46304",
              "isHook": false,
              "skipped": false
            },
            {
              "title": "Debería actualizar los datos de una pregunta",
              "fullTitle": "Pruebas sobre preguntas de adopción (CASOS IDEALES) Debería actualizar los datos de una pregunta",
              "timedOut": false,
              "duration": 4,
              "state": "passed",
              "speed": "fast",
              "pass": true,
              "fail": false,
              "pending": false,
              "context": null,
              "code": "chai.request(url)\n\t.put(\"/questions\")\n\t.set({ \"x-auth-token\": `${token}` })\n\t.send({\n\t\tid_pregunta: 72,\n\t\ttitulo: \"Test de actualizacion\",\n\t\ttipo_pregunta: \"abierta\"\n\t}).end(function (err, res) {\n\t\texpect(res).to.have.status(200);\n\t\texpect(res.body).to.have.property(\"state\").to.be.equal(true);\n\t\tdone();\n\t});",
              "err": {},
              "uuid": "8074e659-4331-48ed-87f3-b072f79172dc",
              "parentUUID": "267a1a96-1f11-4035-a938-3882d0c46304",
              "isHook": false,
              "skipped": false
            }
          ],
          "suites": [],
          "passes": [
            "39531d96-f2e5-4de6-9250-cf8563e7fa48",
            "03e049cc-d293-4e93-9090-7aad7e9f8374",
            "9cab3772-1517-4f4d-85b1-2d384d53daca",
            "8074e659-4331-48ed-87f3-b072f79172dc"
          ],
          "failures": [],
          "pending": [],
          "skipped": [],
          "duration": 42,
          "root": false,
          "rootEmpty": false,
          "_timeout": 2000
        },
        {
          "uuid": "42b8034e-5a8f-4347-a88f-a33cb808187c",
          "title": "Pruebas sobre preguntas de adopción (CASOS ERONEOS)",
          "fullFile": "F:\\Documents\\Git\\fundamor-api\\test\\questions.test.js",
          "file": "\\test\\questions.test.js",
          "beforeHooks": [],
          "afterHooks": [],
          "tests": [
            {
              "title": "No debería obtener los datos de una pregunta inexistente",
              "fullTitle": "Pruebas sobre preguntas de adopción (CASOS ERONEOS) No debería obtener los datos de una pregunta inexistente",
              "timedOut": false,
              "duration": 5,
              "state": "passed",
              "speed": "fast",
              "pass": true,
              "fail": false,
              "pending": false,
              "context": null,
              "code": "chai.request(url)\n\t.get(\"/questions/899798\")\n\t.set({ \"x-auth-token\": `${token}` })\n\t.end(function (err, res) {\n\t\texpect(res.body).to.have.property(\"state\").to.be.equal(false);\n\t\texpect(res).to.have.status(200);\n\t\tdone();\n\t});",
              "err": {},
              "uuid": "3ce0c0ec-b0bd-497b-b40d-d6fcf7f53bc8",
              "parentUUID": "42b8034e-5a8f-4347-a88f-a33cb808187c",
              "isHook": false,
              "skipped": false
            },
            {
              "title": "No debería insertar una pregunta si faltan datos obligatorios",
              "fullTitle": "Pruebas sobre preguntas de adopción (CASOS ERONEOS) No debería insertar una pregunta si faltan datos obligatorios",
              "timedOut": false,
              "duration": 3,
              "state": "passed",
              "speed": "fast",
              "pass": true,
              "fail": false,
              "pending": false,
              "context": null,
              "code": "chai.request(url)\n\t.post(\"/questions\")\n\t.set({ \"x-auth-token\": `${token}` })\n\t.send({\n\t\ttitulo: \"2021-08-10\"\n\t})\n\t.end(function (err, res) {\n\t\texpect(res).to.have.status(422);\n\t\tdone();\n\t});",
              "err": {},
              "uuid": "66026020-47cd-4122-8c72-b599f7765282",
              "parentUUID": "42b8034e-5a8f-4347-a88f-a33cb808187c",
              "isHook": false,
              "skipped": false
            },
            {
              "title": "No debería actualizar una pregunta si faltan datos obligatorios",
              "fullTitle": "Pruebas sobre preguntas de adopción (CASOS ERONEOS) No debería actualizar una pregunta si faltan datos obligatorios",
              "timedOut": false,
              "duration": 3,
              "state": "passed",
              "speed": "fast",
              "pass": true,
              "fail": false,
              "pending": false,
              "context": null,
              "code": "chai.request(url)\n\t.put(\"/questions\")\n\t.set({ \"x-auth-token\": `${token}` })\n\t.send({\n\t\ttitulo: \"2021-08-10\"\n\t})\n\t.end(function (err, res) {\n\t\texpect(res).to.have.status(422);\n\t\tdone();\n\t});",
              "err": {},
              "uuid": "e05a8ce5-4372-431a-b67f-db0d54f69870",
              "parentUUID": "42b8034e-5a8f-4347-a88f-a33cb808187c",
              "isHook": false,
              "skipped": false
            }
          ],
          "suites": [],
          "passes": [
            "3ce0c0ec-b0bd-497b-b40d-d6fcf7f53bc8",
            "66026020-47cd-4122-8c72-b599f7765282",
            "e05a8ce5-4372-431a-b67f-db0d54f69870"
          ],
          "failures": [],
          "pending": [],
          "skipped": [],
          "duration": 11,
          "root": false,
          "rootEmpty": false,
          "_timeout": 2000
        }
      ],
      "passes": [],
      "failures": [],
      "pending": [],
      "skipped": [],
      "duration": 0,
      "root": true,
      "rootEmpty": true,
      "_timeout": 2000
    }
  ],
  "meta": {
    "mocha": {
      "version": "9.1.4"
    },
    "mochawesome": {
      "options": {
        "quiet": false,
        "reportFilename": "mochawesome",
        "saveHtml": true,
        "saveJson": true,
        "consoleReporter": "spec",
        "useInlineDiffs": false,
        "code": true
      },
      "version": "7.0.1"
    },
    "marge": {
      "options": null,
      "version": "6.0.1"
    }
  }
}